<?xml version="1.0" encoding="UTF-8"?>
<!-- Generated by org.testng.reporters.JUnitReportReporter -->
<testsuite hostname="MacBook-Air.local" failures="0" tests="1" name="newpackage.firstTestNGBeforeAfter" time="0.018" errors="0" timestamp="27 Nov 2019 00:59:17 GMT" skipped="0">
  <testcase classname="newpackage.firstTestNGBeforeAfter" name="verifyHomepageTitle" time="0.018"/>
</testsuite> <!-- newpackage.firstTestNGBeforeAfter -->
