<?xml version="1.0" encoding="UTF-8"?>
<!-- Generated by org.testng.reporters.JUnitReportReporter -->
<testsuite hostname="Carloss-MacBook-Air.local" failures="0" tests="2" name="newpackage.TestNGBeforeMethodAfterMethod" time="3.247" errors="0" timestamp="06 Aug 2018 22:06:04 GMT" skipped="0">
  <testcase classname="newpackage.TestNGBeforeMethodAfterMethod" name="register" time="1.629"/>
  <testcase classname="newpackage.TestNGBeforeMethodAfterMethod" name="support" time="1.618"/>
</testsuite> <!-- newpackage.TestNGBeforeMethodAfterMethod -->
