<?xml version="1.0" encoding="UTF-8"?>
<!-- Generated by org.testng.reporters.JUnitReportReporter -->
<testsuite hostname="Carloss-MacBook-Air.local" failures="0" tests="1" name="newpackage.firsttestngfile" time="4.572" errors="0" timestamp="06 Aug 2018 21:53:09 GMT" skipped="0">
  <testcase classname="newpackage.firsttestngfile" name="verifyHomepageTitle" time="4.572"/>
</testsuite> <!-- newpackage.firsttestngfile -->
