<?xml version="1.0" encoding="UTF-8"?>
<!-- Generated by org.testng.reporters.JUnitReportReporter -->
<testsuite hostname="Carloss-MacBook-Air.local" failures="0" tests="1" name="newpackage.DateTimePicker" time="3.409" errors="0" timestamp="07 Aug 2018 02:09:01 GMT" skipped="0">
  <testcase classname="newpackage.DateTimePicker" name="dateTimePicker" time="3.409"/>
</testsuite> <!-- newpackage.DateTimePicker -->
